
Showing logs for build [32mmeta-danielma911-environment-he-nl7s9-2[0m stage [32mmeta-pipeline[0m and container [32mstep-credential-initializer-xx94c[0m
{"level":"warn","ts":1567325058.3638265,"logger":"fallback-logger","caller":"logging/config.go:69","msg":"Fetch GitHub commit ID from kodata failed: \"ref: refs/heads/master\" is not a valid GitHub commit ID"}
{"level":"info","ts":1567325058.364183,"logger":"fallback-logger","caller":"creds-init/main.go:40","msg":"Credentials initialized."}

Showing logs for build [32mmeta-danielma911-environment-he-nl7s9-2[0m stage [32mmeta-pipeline[0m and container [32mstep-working-dir-initializer-bdsk6[0m
{"level":"warn","ts":1567325059.2853322,"logger":"fallback-logger","caller":"logging/config.go:69","msg":"Fetch GitHub commit ID from kodata failed: open /var/run/ko/HEAD: no such file or directory"}
{"level":"info","ts":1567325059.28713,"logger":"fallback-logger","caller":"bash/main.go:65","msg":"Successfully executed command \"mkdir -p /workspace/source\""}

Showing logs for build [32mmeta-danielma911-environment-he-nl7s9-2[0m stage [32mmeta-pipeline[0m and container [32mstep-place-tools[0m

Showing logs for build [32mmeta-danielma911-environment-he-nl7s9-2[0m stage [32mmeta-pipeline[0m and container [32mstep-git-source-meta-danielma911-environment-he-nsb86[0m
{"level":"warn","ts":1567325065.3228772,"logger":"fallback-logger","caller":"logging/config.go:69","msg":"Fetch GitHub commit ID from kodata failed: \"ref: refs/heads/master\" is not a valid GitHub commit ID"}
{"level":"info","ts":1567325065.8966355,"logger":"fallback-logger","caller":"git/git.go:102","msg":"Successfully cloned https://github.com/***********/environment-headquark-staging.git @ 70ced362a2e55f9ac1f2692d2fbbf1f1ee8cc4fc in path /workspace/source"}

Showing logs for build [32mmeta-danielma911-environment-he-nl7s9-2[0m stage [32mmeta-pipeline[0m and container [32mstep-git-merge[0m
Using SHAs from PULL_REFS=master:70ced362a2e55f9ac1f2692d2fbbf1f1ee8cc4fc
WARNING: no SHAs to merge, falling back to initial cloned commit

Showing logs for build [32mmeta-danielma911-environment-he-nl7s9-2[0m stage [32mmeta-pipeline[0m and container [32mstep-merge-pull-refs[0m
SKIP merge-pull-refs: Nothing to merge

Showing logs for build [32mmeta-danielma911-environment-he-nl7s9-2[0m stage [32mmeta-pipeline[0m and container [32mstep-create-effective-pipeline[0m
Deleting and cloning the Jenkins X versions repo
Cloning the Jenkins X versions repo https://github.com/jenkins-x/jenkins-x-versions.git with ref refs/heads/master to /builder/home/.**/jenkins-x-versions
selected pack: /builder/home/.**/draft/packs/github.com/jenkins-x-buildpacks/jenkins-x-kubernetes/packs/environment
Effective pipeline written to jenkins-x-promotion-effective.yml

Showing logs for build [32mmeta-danielma911-environment-he-nl7s9-2[0m stage [32mmeta-pipeline[0m and container [32mstep-create-tekton-crds[0m
running command: ** step next-version --use-git-tag-only --tag
created new version: 0.0.2 and written to file: ./VERSION
Tag v0.0.2 created and pushed to remote origin

PipelineActivity for ***********-environment-headquark-staging-master-2
Applying changes 
upserted PipelineResource ***********-environment-headqua for the git repository https://github.com/***********/environment-headquark-staging.git
upserted Task ***********-environment-headqua-67fwq-from-build-pack-2
upserted Pipeline ***********-environment-headqua-67fwq-2
created PipelineRun ***********-environment-headqua-67fwq-2
created PipelineStructure ***********-environment-headqua-67fwq-2

waiting for stage [32mfrom-build-pack[0m : container [32mstep-credential-initializer-fk6nb[0m to start...


Showing logs for build [32mmeta-danielma911-environment-he-nl7s9-2[0m stage [32mfrom-build-pack[0m and container [32mstep-credential-initializer-fk6nb[0m
{"level":"warn","ts":1567325105.0761192,"logger":"fallback-logger","caller":"logging/config.go:69","msg":"Fetch GitHub commit ID from kodata failed: \"ref: refs/heads/master\" is not a valid GitHub commit ID"}
{"level":"info","ts":1567325105.0765247,"logger":"fallback-logger","caller":"creds-init/main.go:40","msg":"Credentials initialized."}

waiting for stage [32mfrom-build-pack[0m : container [32mstep-working-dir-initializer-jmskw[0m to start...


Showing logs for build [32mmeta-danielma911-environment-he-nl7s9-2[0m stage [32mfrom-build-pack[0m and container [32mstep-working-dir-initializer-jmskw[0m
{"level":"warn","ts":1567325106.1147547,"logger":"fallback-logger","caller":"logging/config.go:69","msg":"Fetch GitHub commit ID from kodata failed: open /var/run/ko/HEAD: no such file or directory"}
{"level":"info","ts":1567325106.116054,"logger":"fallback-logger","caller":"bash/main.go:65","msg":"Successfully executed command \"mkdir -p /workspace/source /workspace/source/env\""}

waiting for stage [32mfrom-build-pack[0m : container [32mstep-place-tools[0m to start...


Showing logs for build [32mmeta-danielma911-environment-he-nl7s9-2[0m stage [32mfrom-build-pack[0m and container [32mstep-place-tools[0m

waiting for stage [32mfrom-build-pack[0m : container [32mstep-git-source-danielma911-environment-headqua-5d9wx[0m to start...


Showing logs for build [32mmeta-danielma911-environment-he-nl7s9-2[0m stage [32mfrom-build-pack[0m and container [32mstep-git-source-danielma911-environment-headqua-5d9wx[0m
{"level":"warn","ts":1567325112.210878,"logger":"fallback-logger","caller":"logging/config.go:69","msg":"Fetch GitHub commit ID from kodata failed: \"ref: refs/heads/master\" is not a valid GitHub commit ID"}
{"level":"info","ts":1567325112.7754307,"logger":"fallback-logger","caller":"git/git.go:102","msg":"Successfully cloned https://github.com/***********/environment-headquark-staging.git @ v0.0.2 in path /workspace/source"}

waiting for stage [32mfrom-build-pack[0m : container [32mstep-git-merge[0m to start...


Showing logs for build [32mmeta-danielma911-environment-he-nl7s9-2[0m stage [32mfrom-build-pack[0m and container [32mstep-git-merge[0m
Using SHAs from PULL_REFS=master:70ced362a2e55f9ac1f2692d2fbbf1f1ee8cc4fc
WARNING: no SHAs to merge, falling back to initial cloned commit

waiting for stage [32mfrom-build-pack[0m : container [32mstep-setup-jx-git-credentials[0m to start...


Showing logs for build [32mmeta-danielma911-environment-he-nl7s9-2[0m stage [32mfrom-build-pack[0m and container [32mstep-setup-jx-git-credentials[0m
Generated Git credentials file /builder/home/git/credentials

waiting for stage [32mfrom-build-pack[0m : container [32mstep-build-helm-apply[0m to start...


Showing logs for build [32mmeta-danielma911-environment-he-nl7s9-2[0m stage [32mfrom-build-pack[0m and container [32mstep-build-helm-apply[0m
Modified file /workspace/source/env/Chart.yaml to set the chart to version 2
Copying the helm source directory /workspace/source/env to a temporary location for building and applying /tmp/**-helm-apply-798860781/env
Applying helm chart at /tmp/**-helm-apply-798860781/env as release name ** to namespace **-staging
verifying the helm requirements versions in dir: . using version stream URL:  and git ref: 
Deleting and cloning the Jenkins X versions repo
Cloning the Jenkins X versions repo https://github.com/jenkins-x/jenkins-x-versions.git with ref refs/heads/master to /builder/home/.**/jenkins-x-versions
Ignoring templates/.gitignore
Wrote chart values.yaml /tmp/**-helm-apply-798860781/env/values.yaml generated from directory tree
generated helm /tmp/**-helm-apply-798860781/env/values.yaml

PipelineSecrets:
  DockerConfig: '******************************************************************************************************'
cleanup:
  Annotations:
    helm.sh/hook: pre-delete
    helm.sh/hook-delete-policy: hook-succeeded
  Args:
  - --cleanup
controllerbuild:
  enabled: true
controllerworkflow:
  enabled: false
dockerRegistry: foenebula.azurecr.io
expose:
  Annotations:
    helm.sh/hook: post-install,post-upgrade
    helm.sh/hook-delete-policy: hook-succeeded
  Args:
  - --v
  - 4
  config:
    domain: 40.118.244.106.nip.io
    exposer: Ingress
    http: "true"
jenkins:
  Servers:
    Global:
      EnvVars:
        TILLER_NAMESPACE: kube-system
  enabled: false
prow: {}

Using values files: /tmp/**-helm-apply-798860781/env/values.yaml
WARNING: No $CHART_REPOSITORY defined so using the default value of: http://jenkins-x-chartmuseum:8080
Adding missing Helm repo: storage.googleapis.com https://storage.googleapis.com/chartmuseum.jenkins-x.io
Successfully added Helm repository storage.googleapis.com.
Adding missing Helm repo: jenkins-x-chartmuseum http://jenkins-x-chartmuseum:8080
Successfully added Helm repository jenkins-x-chartmuseum.
WARNING: No $CHART_REPOSITORY defined so using the default value of: http://jenkins-x-chartmuseum:8080
Adding missing Helm repo: chartmuseum.jenkins-x.io http://chartmuseum.jenkins-x.io
Successfully added Helm repository chartmuseum.jenkins-x.io.
Applying Apps chart overrides
Applying chart overrides


