
Showing logs for build [32mdanielma911-environment-headqua-g689j-1[0m stage [32mmeta-pipeline[0m and container [32mstep-credential-initializer-7h6vs[0m
{"level":"warn","ts":1567325012.0593417,"logger":"fallback-logger","caller":"logging/config.go:69","msg":"Fetch GitHub commit ID from kodata failed: \"ref: refs/heads/master\" is not a valid GitHub commit ID"}
{"level":"info","ts":1567325012.0599399,"logger":"fallback-logger","caller":"creds-init/main.go:40","msg":"Credentials initialized."}

Showing logs for build [32mdanielma911-environment-headqua-g689j-1[0m stage [32mmeta-pipeline[0m and container [32mstep-working-dir-initializer-lwpxn[0m
{"level":"warn","ts":1567325013.0061874,"logger":"fallback-logger","caller":"logging/config.go:69","msg":"Fetch GitHub commit ID from kodata failed: open /var/run/ko/HEAD: no such file or directory"}
{"level":"info","ts":1567325013.0076344,"logger":"fallback-logger","caller":"bash/main.go:65","msg":"Successfully executed command \"mkdir -p /workspace/source\""}

Showing logs for build [32mdanielma911-environment-headqua-g689j-1[0m stage [32mmeta-pipeline[0m and container [32mstep-place-tools[0m

Showing logs for build [32mdanielma911-environment-headqua-g689j-1[0m stage [32mmeta-pipeline[0m and container [32mstep-git-source-meta-danielma911-environment-he-d79wz[0m
{"level":"warn","ts":1567325029.056029,"logger":"fallback-logger","caller":"logging/config.go:69","msg":"Fetch GitHub commit ID from kodata failed: \"ref: refs/heads/master\" is not a valid GitHub commit ID"}
{"level":"info","ts":1567325029.6016731,"logger":"fallback-logger","caller":"git/git.go:102","msg":"Successfully cloned https://github.com/***********/environment-headquark-staging.git @ 7598e7701e9db7eb4c8d1b2d70be04d975b3e3bb in path /workspace/source"}

Showing logs for build [32mdanielma911-environment-headqua-g689j-1[0m stage [32mmeta-pipeline[0m and container [32mstep-git-merge[0m
Using SHAs from PULL_REFS=master:7598e7701e9db7eb4c8d1b2d70be04d975b3e3bb,2:0fd35d1e7d254d4ff3458cf78c0a60640b7a9381
DEBUG: ran git fetch --unshallow origin 0fd35d1e7d254d4ff3458cf78c0a60640b7a9381: 7598e7701e9db7eb4c8d1b2d70be04d975b3e3bb: in 
DEBUG: ran git checkout master in 
DEBUG: ran git reset --hard 7598e7701e9db7eb4c8d1b2d70be04d975b3e3bb in 
DEBUG: ran clean --force -d . in 
DEBUG: ran git merge 0fd35d1e7d254d4ff3458cf78c0a60640b7a9381 in 
Merged SHA 0fd35d1e7d254d4ff3458cf78c0a60640b7a9381 with commit message 'chore: Promote aks-http-demo to version 0.0.2' into base branch master

Showing logs for build [32mdanielma911-environment-headqua-g689j-1[0m stage [32mmeta-pipeline[0m and container [32mstep-merge-pull-refs[0m
DEBUG: ran git fetch origin 0fd35d1e7d254d4ff3458cf78c0a60640b7a9381: 7598e7701e9db7eb4c8d1b2d70be04d975b3e3bb: in 
DEBUG: Unshallowed git repo in 
DEBUG: ran git checkout master in 
DEBUG: ran git reset --hard 7598e7701e9db7eb4c8d1b2d70be04d975b3e3bb in 
DEBUG: ran clean --force -d . in 
DEBUG: ran git merge 0fd35d1e7d254d4ff3458cf78c0a60640b7a9381 in 
Merged SHA 0fd35d1e7d254d4ff3458cf78c0a60640b7a9381 with commit message 'chore: Promote aks-http-demo to version 0.0.2' into base branch master

Showing logs for build [32mdanielma911-environment-headqua-g689j-1[0m stage [32mmeta-pipeline[0m and container [32mstep-create-effective-pipeline[0m
Deleting and cloning the Jenkins X versions repo
Cloning the Jenkins X versions repo https://github.com/jenkins-x/jenkins-x-versions.git with ref refs/heads/master to /builder/home/.**/jenkins-x-versions
selected pack: /builder/home/.**/draft/packs/github.com/jenkins-x-buildpacks/jenkins-x-kubernetes/packs/environment
Effective pipeline written to jenkins-x-promotion-build-effective.yml

Showing logs for build [32mdanielma911-environment-headqua-g689j-1[0m stage [32mmeta-pipeline[0m and container [32mstep-create-tekton-crds[0m
PipelineActivity for ***********-environment-headquark-staging-PR-2-1
Applying changes 
upserted PipelineResource ***********-environment-headqua for the git repository https://github.com/***********/environment-headquark-staging.git
upserted Task ***********-environment-headqua-g689j-from-build-pack-1
upserted Pipeline ***********-environment-headqua-g689j-1
created PipelineRun ***********-environment-headqua-g689j-1
created PipelineStructure ***********-environment-headqua-g689j-1

Showing logs for build [32mdanielma911-environment-headqua-g689j-1[0m stage [32mfrom-build-pack[0m and container [32mstep-credential-initializer-t24wv[0m
{"level":"warn","ts":1567325042.294484,"logger":"fallback-logger","caller":"logging/config.go:69","msg":"Fetch GitHub commit ID from kodata failed: \"ref: refs/heads/master\" is not a valid GitHub commit ID"}
{"level":"info","ts":1567325042.2947896,"logger":"fallback-logger","caller":"creds-init/main.go:40","msg":"Credentials initialized."}

Showing logs for build [32mdanielma911-environment-headqua-g689j-1[0m stage [32mfrom-build-pack[0m and container [32mstep-working-dir-initializer-t8gjd[0m
{"level":"warn","ts":1567325043.1149325,"logger":"fallback-logger","caller":"logging/config.go:69","msg":"Fetch GitHub commit ID from kodata failed: open /var/run/ko/HEAD: no such file or directory"}
{"level":"info","ts":1567325043.1166575,"logger":"fallback-logger","caller":"bash/main.go:65","msg":"Successfully executed command \"mkdir -p /workspace/source /workspace/source/env\""}

Showing logs for build [32mdanielma911-environment-headqua-g689j-1[0m stage [32mfrom-build-pack[0m and container [32mstep-place-tools[0m

Showing logs for build [32mdanielma911-environment-headqua-g689j-1[0m stage [32mfrom-build-pack[0m and container [32mstep-git-source-danielma911-environment-headqua-mbdhw[0m
{"level":"warn","ts":1567325107.2164721,"logger":"fallback-logger","caller":"logging/config.go:69","msg":"Fetch GitHub commit ID from kodata failed: \"ref: refs/heads/master\" is not a valid GitHub commit ID"}
{"level":"info","ts":1567325107.741595,"logger":"fallback-logger","caller":"git/git.go:102","msg":"Successfully cloned https://github.com/***********/environment-headquark-staging.git @ master in path /workspace/source"}

Showing logs for build [32mdanielma911-environment-headqua-g689j-1[0m stage [32mfrom-build-pack[0m and container [32mstep-git-merge[0m
Using SHAs from PULL_REFS=master:7598e7701e9db7eb4c8d1b2d70be04d975b3e3bb,2:0fd35d1e7d254d4ff3458cf78c0a60640b7a9381
DEBUG: ran git fetch origin 0fd35d1e7d254d4ff3458cf78c0a60640b7a9381: 7598e7701e9db7eb4c8d1b2d70be04d975b3e3bb: in 
DEBUG: Unshallowed git repo in 
DEBUG: ran git checkout master in 
DEBUG: ran git reset --hard 7598e7701e9db7eb4c8d1b2d70be04d975b3e3bb in 
DEBUG: ran clean --force -d . in 
DEBUG: ran git merge 0fd35d1e7d254d4ff3458cf78c0a60640b7a9381 in 
Merged SHA 0fd35d1e7d254d4ff3458cf78c0a60640b7a9381 with commit message 'chore: Promote aks-http-demo to version 0.0.2' into base branch master

Showing logs for build [32mdanielma911-environment-headqua-g689j-1[0m stage [32mfrom-build-pack[0m and container [32mstep-build-helm-build[0m
WARNING: No $CHART_REPOSITORY defined so using the default value of: http://jenkins-x-chartmuseum:8080
Adding missing Helm repo: storage.googleapis.com https://storage.googleapis.com/chartmuseum.jenkins-x.io
Successfully added Helm repository storage.googleapis.com.
Adding missing Helm repo: jenkins-x-chartmuseum http://jenkins-x-chartmuseum:8080
Successfully added Helm repository jenkins-x-chartmuseum.
WARNING: No $CHART_REPOSITORY defined so using the default value of: http://jenkins-x-chartmuseum:8080
Adding missing Helm repo: chartmuseum.jenkins-x.io http://chartmuseum.jenkins-x.io
Successfully added Helm repository chartmuseum.jenkins-x.io.
